# JRE version: Java(TM) SE Runtime Environment (8.0_131-b11) (build 1.8.0_131-b11)
# Java VM: Java HotSpot(TM) 64-Bit Server VM (25.131-b11 mixed mode windows-amd64 compressed oops)
Heap:
 PSYoungGen      total 71168K, used 10695K [0x00000000eab00000, 0x00000000efa00000, 0x0000000100000000)
  eden space 64512K, 6% used [0x00000000eab00000,0x00000000eaef8f28,0x00000000eea00000)
  from space 6656K, 99% used [0x00000000ef180000,0x00000000ef7f9078,0x00000000ef800000)
  to   space 7680K, 0% used [0x00000000eea00000,0x00000000eea00000,0x00000000ef180000)
 ParOldGen       total 35840K, used 11776K [0x00000000c0000000, 0x00000000c2300000, 0x00000000eab00000)
  object space 35840K, 32% used [0x00000000c0000000,0x00000000c0b801d8,0x00000000c2300000)
 Metaspace       used 28520K, capacity 28860K, committed 29104K, reserved 1075200K
  class space    used 3838K, capacity 3972K, committed 4016K, reserved 1048576K
GC Heap History (10 events):
Event: 3.398 GC heap before
{Heap before GC invocations=5 (full 0):
 PSYoungGen      total 35328K, used 35312K [0x00000000eab00000, 0x00000000ed000000, 0x0000000100000000)
  eden space 32768K, 100% used [0x00000000eab00000,0x00000000ecb00000,0x00000000ecb00000)
  from space 2560K, 99% used [0x00000000ecd80000,0x00000000ecffc030,0x00000000ed000000)
  to   space 2560K, 0% used [0x00000000ecb00000,0x00000000ecb00000,0x00000000ecd80000)
 ParOldGen       total 44032K, used 2785K [0x00000000c0000000, 0x00000000c2b00000, 0x00000000eab00000)
  object space 44032K, 6% used [0x00000000c0000000,0x00000000c02b8448,0x00000000c2b00000)
 Metaspace       used 13404K, capacity 13688K, committed 13824K, reserved 1060864K
  class space    used 1932K, capacity 2032K, committed 2048K, reserved 1048576K
Event: 3.412 GC heap after
Heap after GC invocations=5 (full 0):
 PSYoungGen      total 35328K, used 2560K [0x00000000eab00000, 0x00000000ef800000, 0x0000000100000000)
  eden space 32768K, 0% used [0x00000000eab00000,0x00000000eab00000,0x00000000ecb00000)
  from space 2560K, 100% used [0x00000000ecb00000,0x00000000ecd80000,0x00000000ecd80000)
  to   space 6656K, 0% used [0x00000000ef180000,0x00000000ef180000,0x00000000ef800000)
 ParOldGen       total 44032K, used 6629K [0x00000000c0000000, 0x00000000c2b00000, 0x00000000eab00000)
  object space 44032K, 15% used [0x00000000c0000000,0x00000000c0679420,0x00000000c2b00000)
 Metaspace       used 13404K, capacity 13688K, committed 13824K, reserved 1060864K
  class space    used 1932K, capacity 2032K, committed 2048K, reserved 1048576K
}
Event: 4.406 GC heap before
{Heap before GC invocations=6 (full 0):
 PSYoungGen      total 35328K, used 35328K [0x00000000eab00000, 0x00000000ef800000, 0x0000000100000000)
  eden space 32768K, 100% used [0x00000000eab00000,0x00000000ecb00000,0x00000000ecb00000)
  from space 2560K, 100% used [0x00000000ecb00000,0x00000000ecd80000,0x00000000ecd80000)
  to   space 6656K, 0% used [0x00000000ef180000,0x00000000ef180000,0x00000000ef800000)
 ParOldGen       total 44032K, used 6629K [0x00000000c0000000, 0x00000000c2b00000, 0x00000000eab00000)
  object space 44032K, 15% used [0x00000000c0000000,0x00000000c0679420,0x00000000c2b00000)
 Metaspace       used 16392K, capacity 16744K, committed 17024K, reserved 1062912K
  class space    used 2425K, capacity 2586K, committed 2688K, reserved 1048576K
Event: 4.522 GC heap after
Heap after GC invocations=6 (full 0):
 PSYoungGen      total 71168K, used 6402K [0x00000000eab00000, 0x00000000efa00000, 0x0000000100000000)
  eden space 64512K, 0% used [0x00000000eab00000,0x00000000eab00000,0x00000000eea00000)
  from space 6656K, 96% used [0x00000000ef180000,0x00000000ef7c0808,0x00000000ef800000)
  to   space 7680K, 0% used [0x00000000eea00000,0x00000000eea00000,0x00000000ef180000)
 ParOldGen       total 44032K, used 6629K [0x00000000c0000000, 0x00000000c2b00000, 0x00000000eab00000)
  object space 44032K, 15% used [0x00000000c0000000,0x00000000c0679420,0x00000000c2b00000)
 Metaspace       used 16392K, capacity 16744K, committed 17024K, reserved 1062912K
  class space    used 2425K, capacity 2586K, committed 2688K, reserved 1048576K
}
Event: 6.163 GC heap before
{Heap before GC invocations=7 (full 0):
 PSYoungGen      total 71168K, used 32104K [0x00000000eab00000, 0x00000000efa00000, 0x0000000100000000)
  eden space 64512K, 39% used [0x00000000eab00000,0x00000000ec419ae0,0x00000000eea00000)
  from space 6656K, 96% used [0x00000000ef180000,0x00000000ef7c0808,0x00000000ef800000)
  to   space 7680K, 0% used [0x00000000eea00000,0x00000000eea00000,0x00000000ef180000)
 ParOldGen       total 44032K, used 6629K [0x00000000c0000000, 0x00000000c2b00000, 0x00000000eab00000)
  object space 44032K, 15% used [0x00000000c0000000,0x00000000c0679420,0x00000000c2b00000)
 Metaspace       used 20895K, capacity 21166K, committed 21296K, reserved 1067008K
  class space    used 2987K, capacity 3099K, committed 3120K, reserved 1048576K
Event: 6.179 GC heap after
Heap after GC invocations=7 (full 0):
 PSYoungGen      total 72192K, used 6697K [0x00000000eab00000, 0x00000000efa00000, 0x0000000100000000)
  eden space 64512K, 0% used [0x00000000eab00000,0x00000000eab00000,0x00000000eea00000)
  from space 7680K, 87% used [0x00000000eea00000,0x00000000ef08a4f0,0x00000000ef180000)
  to   space 6656K, 0% used [0x00000000ef180000,0x00000000ef180000,0x00000000ef800000)
 ParOldGen       total 44032K, used 7405K [0x00000000c0000000, 0x00000000c2b00000, 0x00000000eab00000)
  object space 44032K, 16% used [0x00000000c0000000,0x00000000c073b460,0x00000000c2b00000)
 Metaspace       used 20895K, capacity 21166K, committed 21296K, reserved 1067008K
  class space    used 2987K, capacity 3099K, committed 3120K, reserved 1048576K
}
Event: 6.179 GC heap before
{Heap before GC invocations=8 (full 1):
 PSYoungGen      total 72192K, used 6697K [0x00000000eab00000, 0x00000000efa00000, 0x0000000100000000)
  eden space 64512K, 0% used [0x00000000eab00000,0x00000000eab00000,0x00000000eea00000)
  from space 7680K, 87% used [0x00000000eea00000,0x00000000ef08a4f0,0x00000000ef180000)
  to   space 6656K, 0% used [0x00000000ef180000,0x00000000ef180000,0x00000000ef800000)
 ParOldGen       total 44032K, used 7405K [0x00000000c0000000, 0x00000000c2b00000, 0x00000000eab00000)
  object space 44032K, 16% used [0x00000000c0000000,0x00000000c073b460,0x00000000c2b00000)
 Metaspace       used 20895K, capacity 21166K, committed 21296K, reserved 1067008K
  class space    used 2987K, capacity 3099K, committed 3120K, reserved 1048576K
Event: 6.277 GC heap after
Heap after GC invocations=8 (full 1):
 PSYoungGen      total 72192K, used 0K [0x00000000eab00000, 0x00000000efa00000, 0x0000000100000000)
  eden space 64512K, 0% used [0x00000000eab00000,0x00000000eab00000,0x00000000eea00000)
  from space 7680K, 0% used [0x00000000eea00000,0x00000000eea00000,0x00000000ef180000)
  to   space 6656K, 0% used [0x00000000ef180000,0x00000000ef180000,0x00000000ef800000)
 ParOldGen       total 35840K, used 10178K [0x00000000c0000000, 0x00000000c2300000, 0x00000000eab00000)
  object space 35840K, 28% used [0x00000000c0000000,0x00000000c09f0820,0x00000000c2300000)
 Metaspace       used 20895K, capacity 21166K, committed 21296K, reserved 1067008K
  class space    used 2987K, capacity 3099K, committed 3120K, reserved 1048576K
}
Event: 7.788 GC heap before
{Heap before GC invocations=9 (full 1):
 PSYoungGen      total 72192K, used 64512K [0x00000000eab00000, 0x00000000efa00000, 0x0000000100000000)
  eden space 64512K, 100% used [0x00000000eab00000,0x00000000eea00000,0x00000000eea00000)
  from space 7680K, 0% used [0x00000000eea00000,0x00000000eea00000,0x00000000ef180000)
  to   space 6656K, 0% used [0x00000000ef180000,0x00000000ef180000,0x00000000ef800000)
 ParOldGen       total 35840K, used 10178K [0x00000000c0000000, 0x00000000c2300000, 0x00000000eab00000)
  object space 35840K, 28% used [0x00000000c0000000,0x00000000c09f0820,0x00000000c2300000)
 Metaspace       used 27820K, capacity 28220K, committed 28592K, reserved 1073152K
  class space    used 3810K, capacity 3972K, committed 4016K, reserved 1048576K
Event: 7.849 GC heap after
Heap after GC invocations=9 (full 1):
 PSYoungGen      total 71168K, used 6628K [0x00000000eab00000, 0x00000000efa00000, 0x0000000100000000)
  eden space 64512K, 0% used [0x00000000eab00000,0x00000000eab00000,0x00000000eea00000)
  from space 6656K, 99% used [0x00000000ef180000,0x00000000ef7f9078,0x00000000ef800000)
  to   space 7680K, 0% used [0x00000000eea00000,0x00000000eea00000,0x00000000ef180000)
 ParOldGen       total 35840K, used 11776K [0x00000000c0000000, 0x00000000c2300000, 0x00000000eab00000)
  object space 35840K, 32% used [0x00000000c0000000,0x00000000c0b801d8,0x00000000c2300000)
 Metaspace       used 27820K, capacity 28220K, committed 28592K, reserved 1073152K
  class space    used 3810K, capacity 3972K, committed 4016K, reserved 1048576K
}

