# JRE version: Java(TM) SE Runtime Environment (8.0_131-b11) (build 1.8.0_131-b11)
# Java VM: Java HotSpot(TM) 64-Bit Server VM (25.131-b11 mixed mode windows-amd64 compressed oops)
Heap:
 PSYoungGen      total 20480K, used 3039K [0x00000000ead80000, 0x00000000ecc80000, 0x0000000100000000)
  eden space 10240K, 12% used [0x00000000ead80000,0x00000000eaec2210,0x00000000eb780000)
  from space 10240K, 17% used [0x00000000ec280000,0x00000000ec435bd8,0x00000000ecc80000)
  to   space 10752K, 0% used [0x00000000eb780000,0x00000000eb780000,0x00000000ec200000)
 ParOldGen       total 44032K, used 11856K [0x00000000c0800000, 0x00000000c3300000, 0x00000000ead80000)
  object space 44032K, 26% used [0x00000000c0800000,0x00000000c1394388,0x00000000c3300000)
 Metaspace       used 14601K, capacity 14878K, committed 15104K, reserved 1062912K
  class space    used 1845K, capacity 1967K, committed 2048K, reserved 1048576K
GC Heap History (10 events):
Event: 405.369 GC heap before
{Heap before GC invocations=46 (full 0):
 PSYoungGen      total 13824K, used 13365K [0x00000000ead80000, 0x00000000ecf80000, 0x0000000100000000)
  eden space 10240K, 100% used [0x00000000ead80000,0x00000000eb780000,0x00000000eb780000)
  from space 3584K, 87% used [0x00000000eb780000,0x00000000eba8d4a0,0x00000000ebb00000)
  to   space 12288K, 0% used [0x00000000ec380000,0x00000000ec380000,0x00000000ecf80000)
 ParOldGen       total 44032K, used 10691K [0x00000000c0800000, 0x00000000c3300000, 0x00000000ead80000)
  object space 44032K, 24% used [0x00000000c0800000,0x00000000c1270ed8,0x00000000c3300000)
 Metaspace       used 9257K, capacity 9534K, committed 9600K, reserved 1058816K
  class space    used 1003K, capacity 1099K, committed 1152K, reserved 1048576K
Event: 405.372 GC heap after
Heap after GC invocations=46 (full 0):
 PSYoungGen      total 22528K, used 1205K [0x00000000ead80000, 0x00000000ecf80000, 0x0000000100000000)
  eden space 10240K, 0% used [0x00000000ead80000,0x00000000ead80000,0x00000000eb780000)
  from space 12288K, 9% used [0x00000000ec380000,0x00000000ec4ad5e0,0x00000000ecf80000)
  to   space 12288K, 0% used [0x00000000eb780000,0x00000000eb780000,0x00000000ec380000)
 ParOldGen       total 44032K, used 10715K [0x00000000c0800000, 0x00000000c3300000, 0x00000000ead80000)
  object space 44032K, 24% used [0x00000000c0800000,0x00000000c1276ee8,0x00000000c3300000)
 Metaspace       used 9257K, capacity 9534K, committed 9600K, reserved 1058816K
  class space    used 1003K, capacity 1099K, committed 1152K, reserved 1048576K
}
Event: 408.173 GC heap before
{Heap before GC invocations=47 (full 0):
 PSYoungGen      total 22528K, used 11445K [0x00000000ead80000, 0x00000000ecf80000, 0x0000000100000000)
  eden space 10240K, 100% used [0x00000000ead80000,0x00000000eb780000,0x00000000eb780000)
  from space 12288K, 9% used [0x00000000ec380000,0x00000000ec4ad5e0,0x00000000ecf80000)
  to   space 12288K, 0% used [0x00000000eb780000,0x00000000eb780000,0x00000000ec380000)
 ParOldGen       total 44032K, used 10715K [0x00000000c0800000, 0x00000000c3300000, 0x00000000ead80000)
  object space 44032K, 24% used [0x00000000c0800000,0x00000000c1276ee8,0x00000000c3300000)
 Metaspace       used 9453K, capacity 9718K, committed 9856K, reserved 1058816K
  class space    used 1033K, capacity 1139K, committed 1152K, reserved 1048576K
Event: 408.176 GC heap after
Heap after GC invocations=47 (full 0):
 PSYoungGen      total 12288K, used 1706K [0x00000000ead80000, 0x00000000ece80000, 0x0000000100000000)
  eden space 10240K, 0% used [0x00000000ead80000,0x00000000ead80000,0x00000000eb780000)
  from space 2048K, 83% used [0x00000000eb780000,0x00000000eb92aac0,0x00000000eb980000)
  to   space 11776K, 0% used [0x00000000ec300000,0x00000000ec300000,0x00000000ece80000)
 ParOldGen       total 44032K, used 10731K [0x00000000c0800000, 0x00000000c3300000, 0x00000000ead80000)
  object space 44032K, 24% used [0x00000000c0800000,0x00000000c127aee8,0x00000000c3300000)
 Metaspace       used 9453K, capacity 9718K, committed 9856K, reserved 1058816K
  class space    used 1033K, capacity 1139K, committed 1152K, reserved 1048576K
}
Event: 408.705 GC heap before
{Heap before GC invocations=48 (full 0):
 PSYoungGen      total 12288K, used 11946K [0x00000000ead80000, 0x00000000ece80000, 0x0000000100000000)
  eden space 10240K, 100% used [0x00000000ead80000,0x00000000eb780000,0x00000000eb780000)
  from space 2048K, 83% used [0x00000000eb780000,0x00000000eb92aac0,0x00000000eb980000)
  to   space 11776K, 0% used [0x00000000ec300000,0x00000000ec300000,0x00000000ece80000)
 ParOldGen       total 44032K, used 10731K [0x00000000c0800000, 0x00000000c3300000, 0x00000000ead80000)
  object space 44032K, 24% used [0x00000000c0800000,0x00000000c127aee8,0x00000000c3300000)
 Metaspace       used 10997K, capacity 11278K, committed 11392K, reserved 1058816K
  class space    used 1286K, capacity 1403K, committed 1408K, reserved 1048576K
Event: 408.709 GC heap after
Heap after GC invocations=48 (full 0):
 PSYoungGen      total 20992K, used 1671K [0x00000000ead80000, 0x00000000ecd80000, 0x0000000100000000)
  eden space 10240K, 0% used [0x00000000ead80000,0x00000000ead80000,0x00000000eb780000)
  from space 10752K, 15% used [0x00000000ec300000,0x00000000ec4a1df8,0x00000000ecd80000)
  to   space 11264K, 0% used [0x00000000eb780000,0x00000000eb780000,0x00000000ec280000)
 ParOldGen       total 44032K, used 10867K [0x00000000c0800000, 0x00000000c3300000, 0x00000000ead80000)
  object space 44032K, 24% used [0x00000000c0800000,0x00000000c129cee8,0x00000000c3300000)
 Metaspace       used 10997K, capacity 11278K, committed 11392K, reserved 1058816K
  class space    used 1286K, capacity 1403K, committed 1408K, reserved 1048576K
}
Event: 409.125 GC heap before
{Heap before GC invocations=49 (full 0):
 PSYoungGen      total 20992K, used 11911K [0x00000000ead80000, 0x00000000ecd80000, 0x0000000100000000)
  eden space 10240K, 100% used [0x00000000ead80000,0x00000000eb780000,0x00000000eb780000)
  from space 10752K, 15% used [0x00000000ec300000,0x00000000ec4a1df8,0x00000000ecd80000)
  to   space 11264K, 0% used [0x00000000eb780000,0x00000000eb780000,0x00000000ec280000)
 ParOldGen       total 44032K, used 10867K [0x00000000c0800000, 0x00000000c3300000, 0x00000000ead80000)
  object space 44032K, 24% used [0x00000000c0800000,0x00000000c129cee8,0x00000000c3300000)
 Metaspace       used 12661K, capacity 12944K, committed 13312K, reserved 1060864K
  class space    used 1568K, capacity 1706K, committed 1792K, reserved 1048576K
Event: 409.139 GC heap after
Heap after GC invocations=49 (full 0):
 PSYoungGen      total 21504K, used 1661K [0x00000000ead80000, 0x00000000ecd80000, 0x0000000100000000)
  eden space 10240K, 0% used [0x00000000ead80000,0x00000000ead80000,0x00000000eb780000)
  from space 11264K, 14% used [0x00000000eb780000,0x00000000eb91f7a8,0x00000000ec280000)
  to   space 11264K, 0% used [0x00000000ec280000,0x00000000ec280000,0x00000000ecd80000)
 ParOldGen       total 44032K, used 11427K [0x00000000c0800000, 0x00000000c3300000, 0x00000000ead80000)
  object space 44032K, 25% used [0x00000000c0800000,0x00000000c1328f28,0x00000000c3300000)
 Metaspace       used 12661K, capacity 12944K, committed 13312K, reserved 1060864K
  class space    used 1568K, capacity 1706K, committed 1792K, reserved 1048576K
}
Event: 416.724 GC heap before
{Heap before GC invocations=50 (full 0):
 PSYoungGen      total 21504K, used 11901K [0x00000000ead80000, 0x00000000ecd80000, 0x0000000100000000)
  eden space 10240K, 100% used [0x00000000ead80000,0x00000000eb780000,0x00000000eb780000)
  from space 11264K, 14% used [0x00000000eb780000,0x00000000eb91f7a8,0x00000000ec280000)
  to   space 11264K, 0% used [0x00000000ec280000,0x00000000ec280000,0x00000000ecd80000)
 ParOldGen       total 44032K, used 11427K [0x00000000c0800000, 0x00000000c3300000, 0x00000000ead80000)
  object space 44032K, 25% used [0x00000000c0800000,0x00000000c1328f28,0x00000000c3300000)
 Metaspace       used 14522K, capacity 14814K, committed 15104K, reserved 1062912K
  class space    used 1833K, capacity 1967K, committed 2048K, reserved 1048576K
Event: 416.731 GC heap after
Heap after GC invocations=50 (full 0):
 PSYoungGen      total 20480K, used 1750K [0x00000000ead80000, 0x00000000ecc80000, 0x0000000100000000)
  eden space 10240K, 0% used [0x00000000ead80000,0x00000000ead80000,0x00000000eb780000)
  from space 10240K, 17% used [0x00000000ec280000,0x00000000ec435bd8,0x00000000ecc80000)
  to   space 10752K, 0% used [0x00000000eb780000,0x00000000eb780000,0x00000000ec200000)
 ParOldGen       total 44032K, used 11856K [0x00000000c0800000, 0x00000000c3300000, 0x00000000ead80000)
  object space 44032K, 26% used [0x00000000c0800000,0x00000000c1394388,0x00000000c3300000)
 Metaspace       used 14522K, capacity 14814K, committed 15104K, reserved 1062912K
  class space    used 1833K, capacity 1967K, committed 2048K, reserved 1048576K
}

